{
  "0 debug pnpm:scope": {
    "selected": 1
  },
  "1 error pnpm": {
    "errno": 1,
    "code": "ELIFECYCLE",
    "pkgid": "kudadam.com@0.0.1",
    "stage": "build",
    "script": "svelte-kit build",
    "pkgname": "kudadam.com",
    "err": {
      "name": "pnpm",
      "message": "kudadam.com@0.0.1 build: `svelte-kit build`\nExit status 1",
      "code": "ELIFECYCLE",
      "stack": "pnpm: kudadam.com@0.0.1 build: `svelte-kit build`\nExit status 1\n    at EventEmitter.<anonymous> (C:\\Users\\Lucre\\AppData\\Roaming\\npm\\pnpm-global\\5\\node_modules\\.pnpm\\pnpm@7.0.0\\node_modules\\pnpm\\dist\\pnpm.cjs:106732:20)\n    at EventEmitter.emit (node:events:390:28)\n    at ChildProcess.<anonymous> (C:\\Users\\Lucre\\AppData\\Roaming\\npm\\pnpm-global\\5\\node_modules\\.pnpm\\pnpm@7.0.0\\node_modules\\pnpm\\dist\\pnpm.cjs:93301:18)\n    at ChildProcess.emit (node:events:390:28)\n    at maybeClose (node:internal/child_process:1064:16)\n    at Process.ChildProcess._handle.onexit (node:internal/child_process:301:5)"
    }
  },
  "2 warn pnpm:global": " Local package.json exists, but node_modules missing, did you mean to install?"
}